2022-03-23 09:17:48.322  WARN 7908 --- [HikariPool-9 housekeeper] com.zaxxer.hikari.pool.HikariPool        : HikariPool-9 - Thread starvation or clock leap detected (housekeeper delta=12h46m53s481ms482µs382ns).
2022-03-23 10:41:33.968  INFO 7908 --- [http-nio-8080-exec-1] o.a.c.c.C.[.[localhost].[/ShopmeAdmin]   : Initializing Spring DispatcherServlet 'dispatcherServlet'
2022-03-23 10:41:33.970  INFO 7908 --- [http-nio-8080-exec-1] o.s.web.servlet.DispatcherServlet        : Initializing Servlet 'dispatcherServlet'
2022-03-23 10:41:33.974  INFO 7908 --- [http-nio-8080-exec-1] o.s.web.servlet.DispatcherServlet        : Completed initialization in 3 ms
2022-03-23 10:46:20.941  INFO 7908 --- [Thread-42] j.LocalContainerEntityManagerFactoryBean : Closing JPA EntityManagerFactory for persistence unit 'default'
2022-03-23 10:46:20.946  INFO 7908 --- [Thread-42] com.zaxxer.hikari.HikariDataSource       : HikariPool-9 - Shutdown initiated...
2022-03-23 10:46:20.982  INFO 7908 --- [Thread-42] com.zaxxer.hikari.HikariDataSource       : HikariPool-9 - Shutdown completed.
2022-03-23 10:46:43.232  INFO 7908 --- [restartedMain] c.shopme.admin.ShopmeBackEndApplication  : Starting ShopmeBackEndApplication using Java 16.0.2 on ELYON with PID 7908 (C:\Users\ECCLESIASTES\Documents\ShopmeEcommerce\ShopmeProject\ShopmeWebParent\ShopmeBackEnd\target\classes started by ECCLESIASTES in C:\Users\ECCLESIASTES\Documents\ShopmeEcommerce\ShopmeProject\ShopmeWebParent\ShopmeBackEnd)
2022-03-23 10:46:43.276  INFO 7908 --- [restartedMain] c.shopme.admin.ShopmeBackEndApplication  : No active profile set, falling back to default profiles: default
2022-03-23 10:46:44.738  INFO 7908 --- [restartedMain] .s.d.r.c.RepositoryConfigurationDelegate : Bootstrapping Spring Data JPA repositories in DEFAULT mode.
2022-03-23 10:46:45.040  INFO 7908 --- [restartedMain] .s.d.r.c.RepositoryConfigurationDelegate : Finished Spring Data repository scanning in 275 ms. Found 10 JPA repository interfaces.
2022-03-23 10:46:46.566  INFO 7908 --- [restartedMain] o.s.b.w.embedded.tomcat.TomcatWebServer  : Tomcat initialized with port(s): 8080 (http)
2022-03-23 10:46:46.568  INFO 7908 --- [restartedMain] o.apache.catalina.core.StandardService   : Starting service [Tomcat]
2022-03-23 10:46:46.568  INFO 7908 --- [restartedMain] org.apache.catalina.core.StandardEngine  : Starting Servlet engine: [Apache Tomcat/9.0.53]
2022-03-23 10:46:46.679  INFO 7908 --- [restartedMain] o.a.c.c.C.[.[localhost].[/ShopmeAdmin]   : Initializing Spring embedded WebApplicationContext
2022-03-23 10:46:46.681  INFO 7908 --- [restartedMain] w.s.c.ServletWebServerApplicationContext : Root WebApplicationContext: initialization completed in 3394 ms
2022-03-23 10:46:46.845  INFO 7908 --- [restartedMain] o.hibernate.jpa.internal.util.LogHelper  : HHH000204: Processing PersistenceUnitInfo [name: default]
2022-03-23 10:46:46.904  INFO 7908 --- [restartedMain] com.zaxxer.hikari.HikariDataSource       : HikariPool-10 - Starting...
2022-03-23 10:46:46.950  INFO 7908 --- [restartedMain] com.zaxxer.hikari.HikariDataSource       : HikariPool-10 - Start completed.
2022-03-23 10:46:46.951  INFO 7908 --- [restartedMain] org.hibernate.dialect.Dialect            : HHH000400: Using dialect: org.hibernate.dialect.MySQL8Dialect
2022-03-23 10:46:48.450  INFO 7908 --- [restartedMain] o.h.e.t.j.p.i.JtaPlatformInitiator       : HHH000490: Using JtaPlatform implementation: [org.hibernate.engine.transaction.jta.platform.internal.NoJtaPlatform]
2022-03-23 10:46:48.450  INFO 7908 --- [restartedMain] j.LocalContainerEntityManagerFactoryBean : Initialized JPA EntityManagerFactory for persistence unit 'default'
2022-03-23 10:46:49.123  WARN 7908 --- [restartedMain] JpaBaseConfiguration$JpaWebConfiguration : spring.jpa.open-in-view is enabled by default. Therefore, database queries may be performed during view rendering. Explicitly configure spring.jpa.open-in-view to disable this warning
2022-03-23 10:46:49.570  INFO 7908 --- [restartedMain] o.s.s.web.DefaultSecurityFilterChain     : Will secure Ant [pattern='/images/**'] with []
2022-03-23 10:46:49.570  INFO 7908 --- [restartedMain] o.s.s.web.DefaultSecurityFilterChain     : Will secure Ant [pattern='/js/**'] with []
2022-03-23 10:46:49.571  INFO 7908 --- [restartedMain] o.s.s.web.DefaultSecurityFilterChain     : Will secure Ant [pattern='/webjars/**'] with []
2022-03-23 10:46:49.681  INFO 7908 --- [restartedMain] o.s.s.web.DefaultSecurityFilterChain     : Will secure any request with [org.springframework.security.web.context.request.async.WebAsyncManagerIntegrationFilter@4c9f0b, org.springframework.security.web.context.SecurityContextPersistenceFilter@6aaca258, org.springframework.security.web.header.HeaderWriterFilter@59bbd529, org.springframework.security.web.csrf.CsrfFilter@2da7ad9c, org.springframework.security.web.authentication.logout.LogoutFilter@24825eda, org.springframework.security.web.authentication.UsernamePasswordAuthenticationFilter@606711cb, org.springframework.security.web.savedrequest.RequestCacheAwareFilter@40bdfc6f, org.springframework.security.web.servletapi.SecurityContextHolderAwareRequestFilter@47287bcc, org.springframework.security.web.authentication.rememberme.RememberMeAuthenticationFilter@7d484927, org.springframework.security.web.authentication.AnonymousAuthenticationFilter@45af3e9a, org.springframework.security.web.session.SessionManagementFilter@7a772bc7, org.springframework.security.web.access.ExceptionTranslationFilter@73fb380a, org.springframework.security.web.access.intercept.FilterSecurityInterceptor@125aff9f]
2022-03-23 10:46:49.944  INFO 7908 --- [restartedMain] o.s.b.a.w.s.WelcomePageHandlerMapping    : Adding welcome page template: index
2022-03-23 10:46:52.422  WARN 7908 --- [restartedMain] o.s.b.d.a.OptionalLiveReloadServer       : Unable to start LiveReload server
2022-03-23 10:46:52.451  INFO 7908 --- [restartedMain] o.s.b.w.embedded.tomcat.TomcatWebServer  : Tomcat started on port(s): 8080 (http) with context path '/ShopmeAdmin'
2022-03-23 10:46:52.461  INFO 7908 --- [restartedMain] c.shopme.admin.ShopmeBackEndApplication  : Started ShopmeBackEndApplication in 9.502 seconds (JVM running for 160203.891)
2022-03-23 10:46:52.465  INFO 7908 --- [restartedMain] .ConditionEvaluationDeltaLoggingListener : Condition evaluation unchanged
